<?xml version="1.0" encoding="UTF-8"?>
<testsuite name="com.example.shoppingmall.ShoppingMallApplicationTests" tests="1" skipped="0" failures="0" errors="0" timestamp="2022-11-28T01:50:28" hostname="bastion" time="0.213">
  <properties/>
  <testcase name="contextLoads()" classname="com.example.shoppingmall.ShoppingMallApplicationTests" time="0.213"/>
  <system-out><![CDATA[01:50:16.525 [Test worker] DEBUG org.springframework.test.context.BootstrapUtils - Instantiating CacheAwareContextLoaderDelegate from class [org.springframework.test.context.cache.DefaultCacheAwareContextLoaderDelegate]
01:50:16.550 [Test worker] DEBUG org.springframework.test.context.BootstrapUtils - Instantiating BootstrapContext using constructor [public org.springframework.test.context.support.DefaultBootstrapContext(java.lang.Class,org.springframework.test.context.CacheAwareContextLoaderDelegate)]
01:50:16.631 [Test worker] DEBUG org.springframework.test.context.BootstrapUtils - Instantiating TestContextBootstrapper for test class [com.example.shoppingmall.ShoppingMallApplicationTests] from class [org.springframework.boot.test.context.SpringBootTestContextBootstrapper]
01:50:16.662 [Test worker] INFO org.springframework.boot.test.context.SpringBootTestContextBootstrapper - Neither @ContextConfiguration nor @ContextHierarchy found for test class [com.example.shoppingmall.ShoppingMallApplicationTests], using SpringBootContextLoader
01:50:16.666 [Test worker] DEBUG org.springframework.test.context.support.AbstractContextLoader - Did not detect default resource location for test class [com.example.shoppingmall.ShoppingMallApplicationTests]: class path resource [com/example/shoppingmall/ShoppingMallApplicationTests-context.xml] does not exist
01:50:16.666 [Test worker] DEBUG org.springframework.test.context.support.AbstractContextLoader - Did not detect default resource location for test class [com.example.shoppingmall.ShoppingMallApplicationTests]: class path resource [com/example/shoppingmall/ShoppingMallApplicationTestsContext.groovy] does not exist
01:50:16.674 [Test worker] INFO org.springframework.test.context.support.AbstractContextLoader - Could not detect default resource locations for test class [com.example.shoppingmall.ShoppingMallApplicationTests]: no resource found for suffixes {-context.xml, Context.groovy}.
01:50:16.675 [Test worker] INFO org.springframework.test.context.support.AnnotationConfigContextLoaderUtils - Could not detect default configuration classes for test class [com.example.shoppingmall.ShoppingMallApplicationTests]: ShoppingMallApplicationTests does not declare any static, non-private, non-final, nested classes annotated with @Configuration.
01:50:16.759 [Test worker] DEBUG org.springframework.test.context.support.ActiveProfilesUtils - Could not find an 'annotation declaring class' for annotation type [org.springframework.test.context.ActiveProfiles] and class [com.example.shoppingmall.ShoppingMallApplicationTests]
01:50:16.874 [Test worker] DEBUG org.springframework.context.annotation.ClassPathScanningCandidateComponentProvider - Identified candidate component class: file [/home/admin/ShoppingMall/build/classes/java/main/com/example/shoppingmall/ShoppingMallApplication.class]
01:50:16.875 [Test worker] INFO org.springframework.boot.test.context.SpringBootTestContextBootstrapper - Found @SpringBootConfiguration com.example.shoppingmall.ShoppingMallApplication for test class com.example.shoppingmall.ShoppingMallApplicationTests
01:50:17.087 [Test worker] DEBUG org.springframework.boot.test.context.SpringBootTestContextBootstrapper - @TestExecutionListeners is not present for class [com.example.shoppingmall.ShoppingMallApplicationTests]: using defaults.
01:50:17.088 [Test worker] INFO org.springframework.boot.test.context.SpringBootTestContextBootstrapper - Loaded default TestExecutionListener class names from location [META-INF/spring.factories]: [org.springframework.security.test.context.support.WithSecurityContextTestExecutionListener, org.springframework.security.test.context.support.ReactorContextTestExecutionListener, org.springframework.boot.test.autoconfigure.restdocs.RestDocsTestExecutionListener, org.springframework.boot.test.autoconfigure.web.client.MockRestServiceServerResetTestExecutionListener, org.springframework.boot.test.autoconfigure.web.servlet.MockMvcPrintOnlyOnFailureTestExecutionListener, org.springframework.boot.test.autoconfigure.web.servlet.WebDriverTestExecutionListener, org.springframework.boot.test.autoconfigure.webservices.client.MockWebServiceServerTestExecutionListener, org.springframework.boot.test.mock.mockito.MockitoTestExecutionListener, org.springframework.boot.test.mock.mockito.ResetMocksTestExecutionListener, org.springframework.test.context.web.ServletTestExecutionListener, org.springframework.test.context.support.DirtiesContextBeforeModesTestExecutionListener, org.springframework.test.context.event.ApplicationEventsTestExecutionListener, org.springframework.test.context.support.DependencyInjectionTestExecutionListener, org.springframework.test.context.support.DirtiesContextTestExecutionListener, org.springframework.test.context.transaction.TransactionalTestExecutionListener, org.springframework.test.context.jdbc.SqlScriptsTestExecutionListener, org.springframework.test.context.event.EventPublishingTestExecutionListener]
01:50:17.117 [Test worker] INFO org.springframework.boot.test.context.SpringBootTestContextBootstrapper - Using TestExecutionListeners: [org.springframework.test.context.web.ServletTestExecutionListener@2b491fee, org.springframework.test.context.support.DirtiesContextBeforeModesTestExecutionListener@3f1c5af9, org.springframework.test.context.event.ApplicationEventsTestExecutionListener@1c55f277, org.springframework.boot.test.mock.mockito.MockitoTestExecutionListener@5ddabb18, org.springframework.boot.test.autoconfigure.SpringBootDependencyInjectionTestExecutionListener@3e8f7922, org.springframework.test.context.support.DirtiesContextTestExecutionListener@63192798, org.springframework.test.context.transaction.TransactionalTestExecutionListener@50eca7c6, org.springframework.test.context.jdbc.SqlScriptsTestExecutionListener@58e6d4b8, org.springframework.security.test.context.support.WithSecurityContextTestExecutionListener@1de5f0ef, org.springframework.test.context.event.EventPublishingTestExecutionListener@376a312c, org.springframework.security.test.context.support.ReactorContextTestExecutionListener@28d6290, org.springframework.boot.test.autoconfigure.restdocs.RestDocsTestExecutionListener@6ca0256d, org.springframework.boot.test.autoconfigure.web.client.MockRestServiceServerResetTestExecutionListener@5ef0d29e, org.springframework.boot.test.autoconfigure.web.servlet.MockMvcPrintOnlyOnFailureTestExecutionListener@38f57b3d, org.springframework.boot.test.autoconfigure.web.servlet.WebDriverTestExecutionListener@51850751, org.springframework.boot.test.autoconfigure.webservices.client.MockWebServiceServerTestExecutionListener@3ce3db41, org.springframework.boot.test.mock.mockito.ResetMocksTestExecutionListener@64df9a61]
01:50:17.133 [Test worker] DEBUG org.springframework.test.context.support.AbstractDirtiesContextTestExecutionListener - Before test class: context [DefaultTestContext@42f3156d testClass = ShoppingMallApplicationTests, testInstance = [null], testMethod = [null], testException = [null], mergedContextConfiguration = [WebMergedContextConfiguration@1ddae9b5 testClass = ShoppingMallApplicationTests, locations = '{}', classes = '{class com.example.shoppingmall.ShoppingMallApplication}', contextInitializerClasses = '[]', activeProfiles = '{}', propertySourceLocations = '{}', propertySourceProperties = '{org.springframework.boot.test.context.SpringBootTestContextBootstrapper=true}', contextCustomizers = set[org.springframework.boot.test.autoconfigure.actuate.metrics.MetricsExportContextCustomizerFactory$DisableMetricExportContextCustomizer@38089a5a, org.springframework.boot.test.autoconfigure.properties.PropertyMappingContextCustomizer@0, org.springframework.boot.test.autoconfigure.web.servlet.WebDriverContextCustomizerFactory$Customizer@36328d33, org.springframework.boot.test.context.filter.ExcludeFilterContextCustomizer@524f3b3a, org.springframework.boot.test.json.DuplicateJsonObjectContextCustomizerFactory$DuplicateJsonObjectContextCustomizer@29526c05, org.springframework.boot.test.mock.mockito.MockitoContextCustomizer@0, org.springframework.boot.test.web.client.TestRestTemplateContextCustomizer@53f6fd09, org.springframework.boot.test.context.SpringBootTestArgs@1, org.springframework.boot.test.context.SpringBootTestWebEnvironment@6c779568], resourceBasePath = 'src/main/webapp', contextLoader = 'org.springframework.boot.test.context.SpringBootContextLoader', parent = [null]], attributes = map['org.springframework.test.context.web.ServletTestExecutionListener.activateListener' -> true]], class annotated with @DirtiesContext [false] with mode [null].
01:50:17.263 [Test worker] DEBUG org.springframework.boot.ApplicationServletEnvironment - Activating profiles []
01:50:17.265 [Test worker] DEBUG org.springframework.test.context.support.TestPropertySourceUtils - Adding inlined properties to environment: {spring.jmx.enabled=false, org.springframework.boot.test.context.SpringBootTestContextBootstrapper=true}

  .   ____          _            __ _ _
 /\\ / ___'_ __ _ _(_)_ __  __ _ \ \ \ \
( ( )\___ | '_ | '_| | '_ \/ _` | \ \ \ \
 \\/  ___)| |_)| | | | | || (_| |  ) ) ) )
  '  |____| .__|_| |_|_| |_\__, | / / / /
 =========|_|==============|___/=/_/_/_/
 :: Spring Boot ::                (v2.6.2)

2022-11-28 01:50:17.882  INFO 33176 --- [    Test worker] c.e.s.ShoppingMallApplicationTests       : Starting ShoppingMallApplicationTests using Java 11.0.17 on bastion with PID 33176 (started by admin in /home/admin/ShoppingMall)
2022-11-28 01:50:17.883  INFO 33176 --- [    Test worker] c.e.s.ShoppingMallApplicationTests       : No active profile set, falling back to default profiles: default
2022-11-28 01:50:19.466  INFO 33176 --- [    Test worker] .s.d.r.c.RepositoryConfigurationDelegate : Bootstrapping Spring Data JPA repositories in DEFAULT mode.
2022-11-28 01:50:19.616  INFO 33176 --- [    Test worker] .s.d.r.c.RepositoryConfigurationDelegate : Finished Spring Data repository scanning in 125 ms. Found 5 JPA repository interfaces.
2022-11-28 01:50:21.026  INFO 33176 --- [    Test worker] o.hibernate.jpa.internal.util.LogHelper  : HHH000204: Processing PersistenceUnitInfo [name: default]
2022-11-28 01:50:21.120  INFO 33176 --- [    Test worker] org.hibernate.Version                    : HHH000412: Hibernate ORM core version 5.6.3.Final
2022-11-28 01:50:21.482  INFO 33176 --- [    Test worker] o.hibernate.annotations.common.Version   : HCANN000001: Hibernate Commons Annotations {5.1.2.Final}
2022-11-28 01:50:21.707  INFO 33176 --- [    Test worker] com.zaxxer.hikari.HikariDataSource       : HikariPool-1 - Starting...
2022-11-28 01:50:21.898  INFO 33176 --- [    Test worker] com.zaxxer.hikari.HikariDataSource       : HikariPool-1 - Start completed.
2022-11-28 01:50:21.945  INFO 33176 --- [    Test worker] org.hibernate.dialect.Dialect            : HHH000400: Using dialect: org.hibernate.dialect.MariaDB53Dialect
2022-11-28 01:50:24.553  INFO 33176 --- [    Test worker] o.h.e.t.j.p.i.JtaPlatformInitiator       : HHH000490: Using JtaPlatform implementation: [org.hibernate.engine.transaction.jta.platform.internal.NoJtaPlatform]
2022-11-28 01:50:24.561  INFO 33176 --- [    Test worker] j.LocalContainerEntityManagerFactoryBean : Initialized JPA EntityManagerFactory for persistence unit 'default'
2022-11-28 01:50:24.771  WARN 33176 --- [    Test worker] JpaBaseConfiguration$JpaWebConfiguration : spring.jpa.open-in-view is enabled by default. Therefore, database queries may be performed during view rendering. Explicitly configure spring.jpa.open-in-view to disable this warning
2022-11-28 01:50:26.430  INFO 33176 --- [    Test worker] o.s.s.web.DefaultSecurityFilterChain     : Will secure any request with [org.springframework.security.web.context.request.async.WebAsyncManagerIntegrationFilter@49322d04, org.springframework.security.web.context.SecurityContextPersistenceFilter@68f1b89, org.springframework.security.web.header.HeaderWriterFilter@483ed60e, org.springframework.security.web.authentication.logout.LogoutFilter@9ae0794, org.springframework.security.web.authentication.UsernamePasswordAuthenticationFilter@26728255, org.springframework.security.web.savedrequest.RequestCacheAwareFilter@74bcf1ab, org.springframework.security.web.servletapi.SecurityContextHolderAwareRequestFilter@7ffc4195, org.springframework.security.web.authentication.AnonymousAuthenticationFilter@b6b746b, org.springframework.security.web.session.SessionManagementFilter@54780c40, org.springframework.security.web.access.ExceptionTranslationFilter@516155b5, org.springframework.security.web.access.intercept.FilterSecurityInterceptor@435a2c7d]
2022-11-28 01:50:27.869  INFO 33176 --- [    Test worker] o.s.b.a.w.s.WelcomePageHandlerMapping    : Adding welcome page: class path resource [static/index.html]
2022-11-28 01:50:28.683  INFO 33176 --- [    Test worker] c.e.s.ShoppingMallApplicationTests       : Started ShoppingMallApplicationTests in 11.416 seconds (JVM running for 13.867)
]]></system-out>
  <system-err><![CDATA[]]></system-err>
</testsuite>
